<?xml version="1.0" encoding="utf-8"?><testsuites name="pytest tests"><testsuite name="pytest" errors="0" failures="0" skipped="0" tests="31" time="6.283" timestamp="2026-07-18T06:11:19.753235+00:00" hostname="agent-env-7730665c-a77f-4371-b404-a9722c30b8d6"><testcase classname="tests.backend_test" name="test_root" time="0.165" /><testcase classname="tests.backend_test" name="test_categories" time="0.099" /><testcase classname="tests.backend_test" name="test_login_invalid" time="0.103" /><testcase classname="tests.backend_test" name="test_login_seed_admin_sets_cookie" time="0.321" /><testcase classname="tests.backend_test" name="test_me_endpoint" time="0.425" /><testcase classname="tests.backend_test" name="test_register_customer_then_login" time="0.399" /><testcase classname="tests.backend_test" name="test_register_provider" time="0.316" /><testcase classname="tests.backend_test" name="test_register_admin_forbidden" time="0.090" /><testcase classname="tests.backend_test" name="test_logout" time="0.356" /><testcase classname="tests.backend_test" name="test_list_services" time="0.100" /><testcase classname="tests.backend_test" name="test_list_services_filters" time="0.109" /><testcase classname="tests.backend_test" name="test_get_service_detail" time="0.185" /><testcase classname="tests.backend_test" name="test_get_service_404" time="0.091" /><testcase classname="tests.backend_test" name="test_provider_my_services" time="0.424" /><testcase classname="tests.backend_test" name="test_update_service" time="0.148" /><testcase classname="tests.backend_test" name="test_customer_cannot_create_service" time="0.041" /><testcase classname="tests.backend_test" name="test_provider_stats" time="0.052" /><testcase classname="tests.backend_test" name="test_booking_appears_in_customer_list" time="0.088" /><testcase classname="tests.backend_test" name="test_provider_cannot_book" time="0.048" /><testcase classname="tests.backend_test" name="test_unauth_cannot_book" time="0.102" /><testcase classname="tests.backend_test" name="test_provider_confirms_and_completes" time="0.102" /><testcase classname="tests.backend_test" name="test_review_completed_booking" time="0.140" /><testcase classname="tests.backend_test" name="test_review_duplicate_forbidden" time="0.100" /><testcase classname="tests.backend_test" name="test_cancel_pending_booking_flow" time="0.087" /><testcase classname="tests.backend_test" name="test_profile_update_persists" time="0.086" /><testcase classname="tests.backend_test" name="test_admin_stats" time="0.367" /><testcase classname="tests.backend_test" name="test_admin_users_list" time="0.043" /><testcase classname="tests.backend_test" name="test_admin_block_unblock" time="0.767" /><testcase classname="tests.backend_test" name="test_admin_cannot_block_admin" time="0.087" /><testcase classname="tests.backend_test" name="test_admin_bookings_list" time="0.046" /><testcase classname="tests.backend_test" name="test_delete_service_soft" time="0.175" /></testsuite></testsuites>