<?xml version="1.0" encoding="utf-8"?><testsuites name="pytest tests"><testsuite name="pytest" errors="0" failures="0" skipped="0" tests="38" time="7.320" timestamp="2026-07-18T07:59:00.802470+00:00" hostname="agent-env-7730665c-a77f-4371-b404-a9722c30b8d6"><testcase classname="tests.backend_test" name="test_root" time="0.185" /><testcase classname="tests.backend_test" name="test_categories" time="0.105" /><testcase classname="tests.backend_test" name="test_login_invalid" time="0.101" /><testcase classname="tests.backend_test" name="test_login_seed_admin_sets_cookie" time="0.319" /><testcase classname="tests.backend_test" name="test_me_endpoint" time="0.355" /><testcase classname="tests.backend_test" name="test_register_customer_then_login" time="0.393" /><testcase classname="tests.backend_test" name="test_register_provider" time="0.314" /><testcase classname="tests.backend_test" name="test_register_admin_forbidden" time="0.088" /><testcase classname="tests.backend_test" name="test_logout" time="0.354" /><testcase classname="tests.backend_test" name="test_list_services" time="0.157" /><testcase classname="tests.backend_test" name="test_list_services_filters" time="0.114" /><testcase classname="tests.backend_test" name="test_get_service_detail" time="0.202" /><testcase classname="tests.backend_test" name="test_get_service_404" time="0.092" /><testcase classname="tests.backend_test" name="test_provider_my_services" time="0.405" /><testcase classname="tests.backend_test" name="test_update_service" time="0.143" /><testcase classname="tests.backend_test" name="test_customer_cannot_create_service" time="0.043" /><testcase classname="tests.backend_test" name="test_provider_stats" time="0.050" /><testcase classname="tests.backend_test" name="test_booking_appears_in_customer_list" time="0.093" /><testcase classname="tests.backend_test" name="test_provider_cannot_book" time="0.044" /><testcase classname="tests.backend_test" name="test_unauth_cannot_book" time="0.092" /><testcase classname="tests.backend_test" name="test_provider_confirms_and_completes" time="0.091" /><testcase classname="tests.backend_test" name="test_review_completed_booking" time="0.141" /><testcase classname="tests.backend_test" name="test_review_duplicate_forbidden" time="0.044" /><testcase classname="tests.backend_test" name="test_cancel_pending_booking_flow" time="0.088" /><testcase classname="tests.backend_test" name="test_profile_update_persists" time="0.085" /><testcase classname="tests.backend_test" name="test_admin_stats" time="0.403" /><testcase classname="tests.backend_test" name="test_admin_users_list" time="0.042" /><testcase classname="tests.backend_test" name="test_admin_block_unblock" time="0.867" /><testcase classname="tests.backend_test" name="test_admin_cannot_block_admin" time="0.121" /><testcase classname="tests.backend_test" name="test_admin_bookings_list" time="0.045" /><testcase classname="tests.backend_test" name="test_admin_reviews_list" time="0.299" /><testcase classname="tests.backend_test" name="test_admin_reviews_list_non_admin_forbidden" time="0.042" /><testcase classname="tests.backend_test" name="test_delete_review_non_admin_forbidden" time="0.043" /><testcase classname="tests.backend_test" name="test_delete_review_provider_forbidden" time="0.041" /><testcase classname="tests.backend_test" name="test_delete_review_admin_recalculates_rating" time="0.395" /><testcase classname="tests.backend_test" name="test_delete_review_404_after_deletion" time="0.038" /><testcase classname="tests.backend_test" name="test_delete_review_unauth" time="0.094" /><testcase classname="tests.backend_test" name="test_delete_service_soft" time="0.196" /></testsuite></testsuites>